d:\uit_k18\nam1\hk2\oop\t3\tuan3\bt03\x64\debug\vc143.pdb
d:\uit_k18\nam1\hk2\oop\t3\tuan3\bt03\x64\debug\vc143.idb
d:\uit_k18\nam1\hk2\oop\t3\tuan3\bt03\x64\debug\source.obj
d:\uit_k18\nam1\hk2\oop\t3\tuan3\bt03\x64\debug\cthoigian.obj
d:\uit_k18\nam1\hk2\oop\t3\tuan3\bt03\x64\debug\ctamgiac.obj
d:\uit_k18\nam1\hk2\oop\t3\tuan3\bt03\x64\debug\csophuc.obj
d:\uit_k18\nam1\hk2\oop\t3\tuan3\bt03\x64\debug\cphanso.obj
d:\uit_k18\nam1\hk2\oop\t3\tuan3\bt03\x64\debug\cngay.obj
d:\uit_k18\nam1\hk2\oop\t3\tuan3\bt03\x64\debug\cmatrantinh.obj
d:\uit_k18\nam1\hk2\oop\t3\tuan3\bt03\x64\debug\cmatrandong.obj
d:\uit_k18\nam1\hk2\oop\t3\tuan3\bt03\x64\debug\cmangtinh.obj
d:\uit_k18\nam1\hk2\oop\t3\tuan3\bt03\x64\debug\cmangdong.obj
d:\uit_k18\nam1\hk2\oop\t3\tuan3\bt03\x64\debug\chonso.obj
d:\uit_k18\nam1\hk2\oop\t3\tuan3\bt03\x64\debug\chinhcau.obj
d:\uit_k18\nam1\hk2\oop\t3\tuan3\bt03\x64\debug\cduongtron.obj
d:\uit_k18\nam1\hk2\oop\t3\tuan3\bt03\x64\debug\cduongthang.obj
d:\uit_k18\nam1\hk2\oop\t3\tuan3\bt03\x64\debug\cdonthuc.obj
d:\uit_k18\nam1\hk2\oop\t3\tuan3\bt03\x64\debug\cdiemkhonggian.obj
d:\uit_k18\nam1\hk2\oop\t3\tuan3\bt03\x64\debug\cdiem.obj
d:\uit_k18\nam1\hk2\oop\t3\tuan3\bt03\x64\debug\cdathuctinh.obj
d:\uit_k18\nam1\hk2\oop\t3\tuan3\bt03\x64\debug\cdathucdong.obj
d:\uit_k18\nam1\hk2\oop\bt03\x64\debug\bt03.exe
d:\uit_k18\nam1\hk2\oop\t3\tuan3\bt03\x64\debug\bt03.ilk
d:\uit_k18\nam1\hk2\oop\bt03\x64\debug\bt03.pdb
d:\uit_k18\nam1\hk2\oop\t3\tuan3\bt03\x64\debug\bt03.tlog\cl.command.1.tlog
d:\uit_k18\nam1\hk2\oop\t3\tuan3\bt03\x64\debug\bt03.tlog\cl.items.tlog
d:\uit_k18\nam1\hk2\oop\t3\tuan3\bt03\x64\debug\bt03.tlog\cl.read.1.tlog
d:\uit_k18\nam1\hk2\oop\t3\tuan3\bt03\x64\debug\bt03.tlog\cl.write.1.tlog
d:\uit_k18\nam1\hk2\oop\t3\tuan3\bt03\x64\debug\bt03.tlog\link.command.1.tlog
d:\uit_k18\nam1\hk2\oop\t3\tuan3\bt03\x64\debug\bt03.tlog\link.read.1.tlog
d:\uit_k18\nam1\hk2\oop\t3\tuan3\bt03\x64\debug\bt03.tlog\link.write.1.tlog
